12:26:48.793 INFO desktop.DesktopLauncher> time: 1740227208791
12:26:48.809 INFO desktop.DesktopLauncher> version: 2022-12-18
12:26:48.810 INFO desktop.DesktopLauncher> libgdx:  1.9.5
12:26:48.810 INFO desktop.DesktopLauncher> default_locale: zh_CN
12:26:48.810 INFO desktop.DesktopLauncher> default_charset: UTF-8
12:26:48.810 INFO desktop.DesktopLauncher> default_encoding: UTF-8
12:26:48.810 INFO desktop.DesktopLauncher> java_version: 1.8.0_441
12:26:48.810 INFO desktop.DesktopLauncher> os_arch: amd64
12:26:48.810 INFO desktop.DesktopLauncher> os_name: Windows 11
12:26:48.811 INFO desktop.DesktopLauncher> os_version: 10.0
12:26:48.812 INFO core.SystemStats> MEMORY STATS:
Free Memory: 229Mb
Max Memory: 3,580Mb
Allocated Memory: 241Mb
Unallocated Memory: 3,339Mb
Total Free Memory: 3,568Mb
Used Memory: 12Mb

12:26:48.813 INFO core.SystemStats> DISK STATS:
Total Space: 769,683Mb
Usable Space: 111,255Mb
Free Space: 111,255Mb

12:26:48.818 INFO core.DisplayConfig> Reading info.displayconfig
12:26:48.821 INFO core.DisplayConfig> File info.displayconfig not found, creating with defaults.
12:26:48.822 INFO core.DisplayConfig> Creating new config with default values...
12:26:48.826 INFO core.DisplayConfig> DisplayConfig successfully read.
12:26:48.826 INFO desktop.DesktopLauncher> [WINDOWED_MODE]
12:26:48.826 INFO desktop.DesktopLauncher> Settings successfully loaded
12:26:48.826 INFO desktop.DesktopLauncher> Launching application...
12:26:50.847 INFO ststwitch.TwitchConfig> The 'twitchconfig.txt' does not exist, creating it from this example : twitchconfig.txt
12:26:50.851 INFO core.CardCrawlGame> DistributorPlatform=steam
12:26:50.852 INFO core.CardCrawlGame> isModded=false
12:26:50.852 INFO core.CardCrawlGame> isBeta=false
12:26:50.984 INFO steam.SteamIntegration> [FAILURE] Steam API failed to initialize correctly.
12:26:50.987 INFO core.CardCrawlGame> New player, no migration.
12:26:51.022 DEBUG helpers.AsyncSaver> Enqueue: qsize=0 file=preferences\STSSaveSlots
12:26:51.024 DEBUG helpers.FileSaver> Dequeue: qsize=0 file=preferences\STSSaveSlots
12:26:51.025 DEBUG helpers.File> Attempting to save file=D:\Intellij\BenMod\BenMod\preferences\STSSaveSlots
12:26:51.030 DEBUG helpers.AsyncSaver> Enqueue: qsize=0 file=preferences\STSPlayer
12:26:51.031 DEBUG helpers.File> Successfully saved file=D:\Intellij\BenMod\BenMod\preferences\STSSaveSlots
12:26:51.032 DEBUG helpers.FileSaver> Dequeue: qsize=0 file=preferences\STSPlayer
12:26:51.032 DEBUG helpers.File> Attempting to save file=D:\Intellij\BenMod\BenMod\preferences\STSPlayer
12:26:51.035 DEBUG helpers.File> Successfully saved file=D:\Intellij\BenMod\BenMod\preferences\STSPlayer
12:26:51.036 DEBUG helpers.AsyncSaver> Enqueue: qsize=0 file=preferences\STSPlayer
12:26:51.036 INFO core.Settings> Initializing display settings...
12:26:51.036 INFO core.DisplayConfig> Reading info.displayconfig
12:26:51.036 DEBUG helpers.FileSaver> Dequeue: qsize=0 file=preferences\STSPlayer
12:26:51.036 DEBUG helpers.File> Attempting to save file=D:\Intellij\BenMod\BenMod\preferences\STSPlayer
12:26:51.038 INFO core.DisplayConfig> DisplayConfig successfully read.
12:26:51.038 INFO core.Settings> Initializing sound settings...
12:26:51.038 DEBUG helpers.AsyncSaver> Enqueue: qsize=0 file=preferences\STSSound
12:26:51.039 DEBUG helpers.AsyncSaver> Enqueue: qsize=1 file=preferences\STSSound
12:26:51.039 INFO core.Settings> Initializing game settings...
12:26:51.039 DEBUG helpers.AsyncSaver> Enqueue: qsize=2 file=preferences\STSGameplaySettings
12:26:51.039 DEBUG helpers.AsyncSaver> Enqueue: qsize=3 file=preferences\STSDaily
12:26:51.041 DEBUG helpers.AsyncSaver> Enqueue: qsize=4 file=preferences\STSGameplaySettings
12:26:51.054 DEBUG helpers.File> Successfully saved file=D:\Intellij\BenMod\BenMod\preferences\STSPlayer
12:26:51.054 DEBUG helpers.FileSaver> Dequeue: qsize=4 file=preferences\STSSound
12:26:51.054 DEBUG helpers.File> Attempting to save file=D:\Intellij\BenMod\BenMod\preferences\STSSound
12:26:51.059 DEBUG helpers.File> Successfully saved file=D:\Intellij\BenMod\BenMod\preferences\STSSound
12:26:51.059 DEBUG helpers.FileSaver> Dequeue: qsize=3 file=preferences\STSSound
12:26:51.059 DEBUG helpers.File> Attempting to save file=D:\Intellij\BenMod\BenMod\preferences\STSSound
12:26:51.071 DEBUG helpers.File> Successfully saved file=D:\Intellij\BenMod\BenMod\preferences\STSSound
12:26:51.072 DEBUG helpers.FileSaver> Dequeue: qsize=2 file=preferences\STSGameplaySettings
12:26:51.072 DEBUG helpers.File> Attempting to save file=D:\Intellij\BenMod\BenMod\preferences\STSGameplaySettings
12:26:51.079 DEBUG helpers.File> Successfully saved file=D:\Intellij\BenMod\BenMod\preferences\STSGameplaySettings
12:26:51.079 DEBUG helpers.FileSaver> Dequeue: qsize=1 file=preferences\STSDaily
12:26:51.079 DEBUG helpers.File> Attempting to save file=D:\Intellij\BenMod\BenMod\preferences\STSDaily
12:26:51.087 DEBUG helpers.File> Successfully saved file=D:\Intellij\BenMod\BenMod\preferences\STSDaily
12:26:51.087 DEBUG helpers.FileSaver> Dequeue: qsize=0 file=preferences\STSGameplaySettings
12:26:51.087 DEBUG helpers.File> Attempting to save file=D:\Intellij\BenMod\BenMod\preferences\STSGameplaySettings
12:26:51.096 DEBUG helpers.File> Successfully saved file=D:\Intellij\BenMod\BenMod\preferences\STSGameplaySettings
12:26:51.133 INFO localization.LocalizedStrings> Loc Strings load time: 81ms
12:26:51.186 INFO audio.MusicMaster> Music Volume: 0.5
12:26:51.193 INFO audio.SoundMaster> Sound Effect Volume: 0.5
12:26:51.193 INFO audio.SoundMaster> Loaded 368 Sound Effects
12:26:51.193 INFO audio.SoundMaster> SFX load time: 3ms
12:26:52.935 INFO cards.AbstractCard> Card Image load time: 1732ms
12:26:54.022 INFO helpers.ImageMaster> Texture load time: 1079ms
12:26:54.573 INFO helpers.FontHelper> Font load time: 445ms
12:26:54.583 DEBUG helpers.AsyncSaver> Enqueue: qsize=0 file=preferences\STSAchievements
12:26:54.583 DEBUG helpers.FileSaver> Dequeue: qsize=0 file=preferences\STSAchievements
12:26:54.583 DEBUG helpers.AsyncSaver> Enqueue: qsize=0 file=preferences\STSUnlocks
12:26:54.583 DEBUG helpers.File> Attempting to save file=D:\Intellij\BenMod\BenMod\preferences\STSAchievements
12:26:54.583 DEBUG helpers.AsyncSaver> Enqueue: qsize=1 file=preferences\STSUnlockProgress
12:26:54.584 DEBUG helpers.AsyncSaver> Enqueue: qsize=2 file=preferences\STSSeenCards
12:26:54.584 DEBUG helpers.AsyncSaver> Enqueue: qsize=3 file=preferences\STSBetaCardPreference
12:26:54.584 DEBUG helpers.AsyncSaver> Enqueue: qsize=4 file=preferences\STSSeenBosses
12:26:54.584 DEBUG helpers.AsyncSaver> Enqueue: qsize=5 file=preferences\STSSeenRelics
12:26:54.585 INFO unlock.UnlockTracker> RED UNLOCKS:   0/9
12:26:54.585 INFO unlock.UnlockTracker> GREEN UNLOCKS: 0/9
12:26:54.585 INFO unlock.UnlockTracker> BLUE UNLOCKS: 0/9
12:26:54.585 INFO unlock.UnlockTracker> PURPLE UNLOCKS: 0/9
12:26:54.585 INFO unlock.UnlockTracker> RELIC UNLOCKS: 0/24
12:26:54.588 DEBUG helpers.File> Successfully saved file=D:\Intellij\BenMod\BenMod\preferences\STSAchievements
12:26:54.588 DEBUG helpers.FileSaver> Dequeue: qsize=5 file=preferences\STSUnlocks
12:26:54.588 DEBUG helpers.File> Attempting to save file=D:\Intellij\BenMod\BenMod\preferences\STSUnlocks
12:26:54.591 DEBUG helpers.File> Successfully saved file=D:\Intellij\BenMod\BenMod\preferences\STSUnlocks
12:26:54.591 DEBUG helpers.FileSaver> Dequeue: qsize=4 file=preferences\STSUnlockProgress
12:26:54.591 DEBUG helpers.File> Attempting to save file=D:\Intellij\BenMod\BenMod\preferences\STSUnlockProgress
12:26:54.595 DEBUG helpers.File> Successfully saved file=D:\Intellij\BenMod\BenMod\preferences\STSUnlockProgress
12:26:54.595 DEBUG helpers.FileSaver> Dequeue: qsize=3 file=preferences\STSSeenCards
12:26:54.595 DEBUG helpers.File> Attempting to save file=D:\Intellij\BenMod\BenMod\preferences\STSSeenCards
12:26:54.598 DEBUG helpers.File> Successfully saved file=D:\Intellij\BenMod\BenMod\preferences\STSSeenCards
12:26:54.598 DEBUG helpers.FileSaver> Dequeue: qsize=2 file=preferences\STSBetaCardPreference
12:26:54.599 DEBUG helpers.File> Attempting to save file=D:\Intellij\BenMod\BenMod\preferences\STSBetaCardPreference
12:26:54.602 DEBUG helpers.File> Successfully saved file=D:\Intellij\BenMod\BenMod\preferences\STSBetaCardPreference
12:26:54.602 DEBUG helpers.FileSaver> Dequeue: qsize=1 file=preferences\STSSeenBosses
12:26:54.602 DEBUG helpers.File> Attempting to save file=D:\Intellij\BenMod\BenMod\preferences\STSSeenBosses
12:26:54.605 DEBUG helpers.File> Successfully saved file=D:\Intellij\BenMod\BenMod\preferences\STSSeenBosses
12:26:54.605 DEBUG helpers.FileSaver> Dequeue: qsize=0 file=preferences\STSSeenRelics
12:26:54.605 DEBUG helpers.File> Attempting to save file=D:\Intellij\BenMod\BenMod\preferences\STSSeenRelics
12:26:54.656 DEBUG helpers.File> Successfully saved file=D:\Intellij\BenMod\BenMod\preferences\STSSeenRelics
12:26:54.706 INFO unlock.UnlockTracker> CARDS SEEN:    0/0
12:26:54.739 INFO unlock.UnlockTracker> RELICS SEEN:   0/0
12:26:55.071 INFO panels.TopPanel> Twitch Integration enabled due to presence of 'twitch.properties` file.
12:26:55.072 INFO panels.TopPanel> Not starting twitch integration because enabled=false
12:26:55.434 INFO core.DisplayConfig> Reading info.displayconfig
12:26:55.434 INFO core.DisplayConfig> DisplayConfig successfully read.
12:26:55.682 INFO helpers.CardLibrary> Card load time: 943ms with 370 cards
12:26:55.907 INFO helpers.RelicLibrary> Relic load time: 225ms
12:26:55.908 INFO input.InputHelper> Setting input processor to Scroller
12:26:55.909 DEBUG helpers.AsyncSaver> Enqueue: qsize=0 file=preferences\STSInputSettings
12:26:55.909 DEBUG helpers.FileSaver> Dequeue: qsize=0 file=preferences\STSInputSettings
12:26:55.909 DEBUG helpers.File> Attempting to save file=D:\Intellij\BenMod\BenMod\preferences\STSInputSettings
12:26:55.910 DEBUG helpers.AsyncSaver> Enqueue: qsize=0 file=preferences\STSTips
12:26:55.915 DEBUG helpers.File> Successfully saved file=D:\Intellij\BenMod\BenMod\preferences\STSInputSettings
12:26:55.915 DEBUG helpers.FileSaver> Dequeue: qsize=0 file=preferences\STSTips
12:26:55.915 DEBUG helpers.File> Attempting to save file=D:\Intellij\BenMod\BenMod\preferences\STSTips
12:26:55.919 DEBUG helpers.File> Successfully saved file=D:\Intellij\BenMod\BenMod\preferences\STSTips
12:26:55.935 DEBUG helpers.AsyncSaver> Enqueue: qsize=0 file=preferences\STSInputSettings_Controller
12:26:55.935 DEBUG helpers.FileSaver> Dequeue: qsize=0 file=preferences\STSInputSettings_Controller
12:26:55.935 DEBUG helpers.File> Attempting to save file=D:\Intellij\BenMod\BenMod\preferences\STSInputSettings_Controller
12:26:55.939 INFO steamInput.SteamInputHelper> Steam isn't running? SteamInput is disabled.
12:26:55.940 DEBUG helpers.File> Successfully saved file=D:\Intellij\BenMod\BenMod\preferences\STSInputSettings_Controller
12:26:55.940 INFO integrations.SteelSeries> enabled=false
12:26:55.953 DEBUG helpers.AsyncSaver> Enqueue: qsize=0 file=preferences\STSSeenRelics
12:26:55.953 DEBUG helpers.FileSaver> Dequeue: qsize=0 file=preferences\STSSeenRelics
12:26:55.954 DEBUG helpers.File> Attempting to save file=D:\Intellij\BenMod\BenMod\preferences\STSSeenRelics
12:26:55.954 DEBUG helpers.AsyncSaver> Enqueue: qsize=0 file=preferences\STSDataVagabond
12:26:55.961 DEBUG helpers.File> Successfully saved file=D:\Intellij\BenMod\BenMod\preferences\STSSeenRelics
12:26:55.961 DEBUG helpers.FileSaver> Dequeue: qsize=0 file=preferences\STSDataVagabond
12:26:55.961 DEBUG helpers.File> Attempting to save file=D:\Intellij\BenMod\BenMod\preferences\STSDataVagabond
12:26:55.965 DEBUG helpers.File> Successfully saved file=D:\Intellij\BenMod\BenMod\preferences\STSDataVagabond
12:26:56.077 DEBUG helpers.AsyncSaver> Enqueue: qsize=0 file=preferences\STSSeenRelics
12:26:56.077 DEBUG helpers.FileSaver> Dequeue: qsize=0 file=preferences\STSSeenRelics
12:26:56.077 DEBUG helpers.File> Attempting to save file=D:\Intellij\BenMod\BenMod\preferences\STSSeenRelics
12:26:56.077 DEBUG helpers.AsyncSaver> Enqueue: qsize=0 file=preferences\STSDataTheSilent
12:26:56.084 DEBUG helpers.File> Successfully saved file=D:\Intellij\BenMod\BenMod\preferences\STSSeenRelics
12:26:56.084 DEBUG helpers.FileSaver> Dequeue: qsize=0 file=preferences\STSDataTheSilent
12:26:56.086 DEBUG helpers.File> Attempting to save file=D:\Intellij\BenMod\BenMod\preferences\STSDataTheSilent
12:26:56.088 DEBUG helpers.File> Successfully saved file=D:\Intellij\BenMod\BenMod\preferences\STSDataTheSilent
12:26:56.131 DEBUG helpers.AsyncSaver> Enqueue: qsize=0 file=preferences\STSSeenRelics
12:26:56.131 DEBUG helpers.FileSaver> Dequeue: qsize=0 file=preferences\STSSeenRelics
12:26:56.131 DEBUG helpers.File> Attempting to save file=D:\Intellij\BenMod\BenMod\preferences\STSSeenRelics
12:26:56.131 DEBUG helpers.AsyncSaver> Enqueue: qsize=0 file=preferences\STSDataDefect
12:26:56.139 DEBUG helpers.File> Successfully saved file=D:\Intellij\BenMod\BenMod\preferences\STSSeenRelics
12:26:56.139 DEBUG helpers.FileSaver> Dequeue: qsize=0 file=preferences\STSDataDefect
12:26:56.139 DEBUG helpers.File> Attempting to save file=D:\Intellij\BenMod\BenMod\preferences\STSDataDefect
12:26:56.143 DEBUG helpers.File> Successfully saved file=D:\Intellij\BenMod\BenMod\preferences\STSDataDefect
12:26:56.189 DEBUG helpers.AsyncSaver> Enqueue: qsize=0 file=preferences\STSSeenRelics
12:26:56.191 DEBUG helpers.FileSaver> Dequeue: qsize=0 file=preferences\STSSeenRelics
12:26:56.191 DEBUG helpers.File> Attempting to save file=D:\Intellij\BenMod\BenMod\preferences\STSSeenRelics
12:26:56.191 DEBUG helpers.AsyncSaver> Enqueue: qsize=0 file=preferences\STSDataWatcher
12:26:56.199 DEBUG helpers.File> Successfully saved file=D:\Intellij\BenMod\BenMod\preferences\STSSeenRelics
12:26:56.199 DEBUG helpers.FileSaver> Dequeue: qsize=0 file=preferences\STSDataWatcher
12:26:56.199 DEBUG helpers.File> Attempting to save file=D:\Intellij\BenMod\BenMod\preferences\STSDataWatcher
12:26:56.203 DEBUG helpers.File> Successfully saved file=D:\Intellij\BenMod\BenMod\preferences\STSDataWatcher
12:26:56.292 INFO core.CardCrawlGame> PAUSE()
12:26:56.876 INFO core.CardCrawlGame> RESUME()
12:26:56.876 INFO controller.CInputHelper> [CONTROLLER] Utilizing DirectInput
12:26:57.108 INFO controller.CInputHelper> [CONTROLLER] No controllers detected
12:27:04.786 INFO stats.StatsScreen> Loading character stats.
12:27:04.844 INFO core.DisplayConfig> Reading info.displayconfig
12:27:04.845 INFO core.DisplayConfig> DisplayConfig successfully read.
12:27:04.846 DEBUG steam.SteamIntegration> Setting Rich Presence: Main Menu
12:27:05.048 INFO unlock.UnlockTracker> RED UNLOCKS:   0/9
12:27:05.048 INFO unlock.UnlockTracker> GREEN UNLOCKS: 0/9
12:27:05.049 INFO unlock.UnlockTracker> BLUE UNLOCKS: 0/9
12:27:05.049 INFO unlock.UnlockTracker> PURPLE UNLOCKS: 0/9
12:27:05.049 INFO unlock.UnlockTracker> RELIC UNLOCKS: 0/24
12:27:05.049 INFO unlock.UnlockTracker> CARDS SEEN:    0/370
12:27:05.049 INFO unlock.UnlockTracker> RELICS SEEN:   4/178
12:27:05.049 INFO compendium.CardLibraryScreen> Initializing card library screen.
12:27:05.097 INFO characters.CharacterManager> Successfully recreated IRONCLAD
12:27:05.144 INFO characters.CharacterManager> Successfully recreated THE_SILENT
12:27:05.206 INFO characters.CharacterManager> Successfully recreated DEFECT
12:27:05.281 INFO characters.CharacterManager> Successfully recreated WATCHER
12:27:05.294 INFO saveAndContinue.SaveAndContinue> IRONCLAD save does NOT exist!
12:27:05.294 INFO saveAndContinue.SaveAndContinue> THE_SILENT save does NOT exist!
12:27:05.294 INFO saveAndContinue.SaveAndContinue> DEFECT save does NOT exist!
12:27:05.294 INFO saveAndContinue.SaveAndContinue> WATCHER save does NOT exist!
12:27:06.783 INFO mainMenu.MainMenuScreen> No saves detected, opening Save Slot screen automatically.
12:27:12.869 INFO core.CardCrawlGame> PAUSE()
12:27:12.869 INFO core.CardCrawlGame> Game shutting down...
12:27:12.869 INFO core.CardCrawlGame> Flushing saves to disk...
12:27:12.869 INFO core.CardCrawlGame> Shutting down publisher integrations...
12:27:12.869 INFO core.CardCrawlGame> Flushing logs to disk. Clean shutdown successful.
12:27:12.869 INFO helpers.FileSaver> Save thread interrupted!
12:27:12.870 INFO helpers.FileSaver> Save thread will die now.
